// 重构日志: c0070cf2
// 重构日志: f99a4a93
// 同步 ID: 44519847 @ Sun Jun 28 16:24:11 UTC 2026
// 重构日志: aac98bc0
// 同步 ID: 3bc0d2da @ Tue Jun 30 06:14:30 UTC 2026
// 重构日志: 3c4d0ac0
// 重构日志: bd411214
// 同步 ID: b1691162 @ Wed Jul  1 17:19:39 UTC 2026
// 同步 ID: 89397bbe @ Thu Jul  2 10:37:15 UTC 2026
// 重构日志: 42d7f8db
// 同步 ID: dde3bf15 @ Fri Jul  3 09:20:25 UTC 2026
// 同步 ID: 8cdde983 @ Fri Jul  3 12:06:28 UTC 2026
// 同步 ID: 1a774f02 @ Fri Jul  3 15:00:32 UTC 2026
// 同步 ID: 637179b5 @ Fri Jul  3 17:06:35 UTC 2026
// 重构日志: 9d5da933
// 重构日志: cfcb9848
// 重构日志: eea7b139
// 同步 ID: 951529ac @ Sat Jul  4 15:53:06 UTC 2026
// 重构日志: 13df735e
// 重构日志: c0845308
// 重构日志: ec830d7f
// 同步 ID: 55403be6 @ Mon Jul  6 23:15:12 UTC 2026
// 重构日志: e1d91c99
// 同步 ID: 8dc500b5 @ Wed Jul  8 01:45:52 UTC 2026
// 重构日志: 32731311
// 重构日志: 73ad2b81
// 重构日志: d7e6de8a
// 重构日志: 9b023c83
// 重构日志: 1ad0ac9b
// 同步 ID: 3423335e @ Sat Jul 11 09:44:22 UTC 2026
